<?xml version="1.0" encoding="UTF-8"?>
<testsuite name="agh.ics.oop.GrassFieldTest" tests="1" skipped="0" failures="0" errors="0" timestamp="2022-11-16T18:09:23" hostname="HP" time="0.037">
  <properties/>
  <testcase name="test_map4()" classname="agh.ics.oop.GrassFieldTest" time="0.037"/>
  <system-out><![CDATA[ y\x  0 1 2 3 4
  5: -----------
  4: | | |*| |*|
  3: | | | | | |
  2: |N| | | | |
  1: |N|N| | | |
  0: |*| | | | |
 -1: -----------

 y\x  0 1 2 3 4
  5: -----------
  4: | | |*| |*|
  3: | | | | | |
  2: |N| | | | |
  1: |W|N| | | |
  0: |*| | | | |
 -1: -----------

 y\x  0 1 2 3 4
  5: -----------
  4: | | |*| |*|
  3: | | | | | |
  2: |W| | | | |
  1: |W|N| | | |
  0: |*| | | | |
 -1: -----------

 y\x  0 1 2 3 4
  5: -----------
  4: | | |*| |*|
  3: | | | | | |
  2: |W| | | | |
  1: |W| | | | |
  0: |*|N| | | |
 -1: -----------

 y\x  0 1 2 3 4
  5: -----------
  4: | | |*| |*|
  3: | | | | | |
  2: |W| | | | |
  1: | |W| | | |
  0: |*|N| | | |
 -1: -----------

 y\x -1 0 1 2 3 4
  5: -------------
  4: | | | |*| |*|
  3: | | | | | | |
  2: |W| | | | | |
  1: | | |W| | | |
  0: | |*|N| | | |
 -1: -------------

 y\x -1 0 1 2 3 4
  5: -------------
  4: | | | |*| |*|
  3: | | | | | | |
  2: |W| | | | | |
  1: | | |W| | | |
  0: | |*|E| | | |
 -1: -------------

 y\x -1 0 1 2 3 4
  5: -------------
  4: | | | |*| |*|
  3: | | | | | | |
  2: |W| | | | | |
  1: | | |N| | | |
  0: | |*|E| | | |
 -1: -------------

 y\x -1 0 1 2 3 4
  5: -------------
  4: | | | |*| |*|
  3: | | | | | | |
  2: |S| | | | | |
  1: | | |N| | | |
  0: | |*|E| | | |
 -1: -------------

 y\x -1 0 1 2 3 4
  5: -------------
  4: | | | |*| |*|
  3: | | | | | | |
  2: |S| | | | | |
  1: | | |N| | | |
  0: | |*|N| | | |
 -1: -------------

 y\x -1 0 1 2 3 4
  5: -------------
  4: | | | |*| |*|
  3: | | | | | | |
  2: |S| | | | | |
  1: | | |N| | | |
  0: | |*|N| | | |
 -1: -------------

]]></system-out>
  <system-err><![CDATA[]]></system-err>
</testsuite>
